Using pre-set license
Built from '2021.3/staging' branch; Version is '2021.3.6f1 (7da38d85baf6) revision 8233869'; Using compiler version '192829333'; Build Type 'Release'
OS: 'Windows 10  (10.0.19044) 64bit Professional' Language: 'en' Physical Memory: 16305 MB
BatchMode: 1, IsHumanControllingUs: 0, StartBugReporterOnCrash: 0, Is64bit: 1, IsPro: 1

COMMAND LINE ARGUMENTS:
C:\Program Files\Unity\Hub\Editor\2021.3.6f1\Editor\Unity.exe
-adb2
-batchMode
-noUpm
-name
AssetImportWorker0
-projectPath
C:/Git/Project_S/ProjectSword
-logFile
Logs/AssetImportWorker0.log
-srvPort
59664
Successfully changed project path to: C:/Git/Project_S/ProjectSword
C:/Git/Project_S/ProjectSword
[UnityMemory] Configuration Parameters - Can be set up in boot.config
    "memorysetup-bucket-allocator-granularity=16"
    "memorysetup-bucket-allocator-bucket-count=8"
    "memorysetup-bucket-allocator-block-size=33554432"
    "memorysetup-bucket-allocator-block-count=8"
    "memorysetup-main-allocator-block-size=16777216"
    "memorysetup-thread-allocator-block-size=16777216"
    "memorysetup-gfx-main-allocator-block-size=16777216"
    "memorysetup-gfx-thread-allocator-block-size=16777216"
    "memorysetup-cache-allocator-block-size=4194304"
    "memorysetup-typetree-allocator-block-size=2097152"
    "memorysetup-profiler-bucket-allocator-granularity=16"
    "memorysetup-profiler-bucket-allocator-bucket-count=8"
    "memorysetup-profiler-bucket-allocator-block-size=33554432"
    "memorysetup-profiler-bucket-allocator-block-count=8"
    "memorysetup-profiler-allocator-block-size=16777216"
    "memorysetup-profiler-editor-allocator-block-size=1048576"
    "memorysetup-temp-allocator-size-main=16777216"
    "memorysetup-job-temp-allocator-block-size=2097152"
    "memorysetup-job-temp-allocator-block-size-background=1048576"
    "memorysetup-job-temp-allocator-reduction-small-platforms=262144"
    "memorysetup-temp-allocator-size-background-worker=32768"
    "memorysetup-temp-allocator-size-job-worker=262144"
    "memorysetup-temp-allocator-size-preload-manager=33554432"
    "memorysetup-temp-allocator-size-nav-mesh-worker=65536"
    "memorysetup-temp-allocator-size-audio-worker=65536"
    "memorysetup-temp-allocator-size-cloud-worker=32768"
    "memorysetup-temp-allocator-size-gi-baking-worker=262144"
    "memorysetup-temp-allocator-size-gfx=262144"
Refreshing native plugins compatible for Editor in 128.93 ms, found 4 plugins.
Preloading 0 native plugins for Editor in 0.00 ms.
Initialize engine version: 2021.3.6f1 (7da38d85baf6)
[Subsystems] Discovering subsystems at path C:/Program Files/Unity/Hub/Editor/2021.3.6f1/Editor/Data/Resources/UnitySubsystems
[Subsystems] Discovering subsystems at path C:/Git/Project_S/ProjectSword/Assets
GfxDevice: creating device client; threaded=0; jobified=0
Direct3D:
    Version:  Direct3D 11.0 [level 11.1]
    Renderer: NVIDIA Quadro P620 (ID=0x1cb6)
    Vendor:   NVIDIA
    VRAM:     1977 MB
Initialize mono
Mono path[0] = 'C:/Program Files/Unity/Hub/Editor/2021.3.6f1/Editor/Data/Managed'
Mono path[1] = 'C:/Program Files/Unity/Hub/Editor/2021.3.6f1/Editor/Data/MonoBleedingEdge/lib/mono/unityjit-win32'
Mono config path = 'C:/Program Files/Unity/Hub/Editor/2021.3.6f1/Editor/Data/MonoBleedingEdge/etc'
Using monoOptions --debugger-agent=transport=dt_socket,embedding=1,server=y,suspend=n,address=127.0.0.1:56256
Begin MonoManager ReloadAssembly
Registering precompiled unity dll's ...
Register platform support module: C:/Program Files/Unity/Hub/Editor/2021.3.6f1/Editor/Data/PlaybackEngines/AndroidPlayer/UnityEditor.Android.Extensions.dll
Register platform support module: C:/Program Files/Unity/Hub/Editor/2021.3.6f1/Editor/Data/PlaybackEngines/WindowsStandaloneSupport/UnityEditor.WindowsStandalone.Extensions.dll
Registered in 0.006671 seconds.
Native extension for WindowsStandalone target not found
Native extension for Android target not found
Refreshing native plugins compatible for Editor in 123.73 ms, found 4 plugins.
Preloading 0 native plugins for Editor in 0.00 ms.
Mono: successfully reloaded assembly
- Completed reload, in  0.700 seconds
Domain Reload Profiling:
	ReloadAssembly (700ms)
		BeginReloadAssembly (72ms)
			ExecutionOrderSort (0ms)
			DisableScriptedObjects (0ms)
			BackupInstance (0ms)
			ReleaseScriptingObjects (0ms)
			CreateAndSetChildDomain (1ms)
		EndReloadAssembly (522ms)
			LoadAssemblies (70ms)
			RebuildTransferFunctionScriptingTraits (0ms)
			SetupTypeCache (115ms)
			ReleaseScriptCaches (0ms)
			RebuildScriptCaches (29ms)
			SetupLoadedEditorAssemblies (328ms)
				LogAssemblyErrors (0ms)
				InitializePlatformSupportModulesInManaged (55ms)
				SetLoadedEditorAssemblies (0ms)
				RefreshPlugins (124ms)
				BeforeProcessingInitializeOnLoad (1ms)
				ProcessInitializeOnLoadAttributes (98ms)
				ProcessInitializeOnLoadMethodAttributes (49ms)
				AfterProcessingInitializeOnLoad (0ms)
				EditorAssembliesLoaded (0ms)
			ExecutionOrderSort2 (0ms)
			AwakeInstancesAfterBackupRestoration (0ms)
Platform modules already initialized, skipping
Registering precompiled user dll's ...
Registered in 0.006790 seconds.
Begin MonoManager ReloadAssembly
Symbol file LoadedFromMemory doesn't match image C:\Git\Project_S\ProjectSword\Library\PackageCache\com.unity.visualscripting@1.7.8\Editor\VisualScripting.Core\Dependencies\YamlDotNet\Unity.VisualScripting.YamlDotNet.dll
Symbol file LoadedFromMemory doesn't match image C:\Git\Project_S\ProjectSword\Library\PackageCache\com.unity.visualscripting@1.7.8\Editor\VisualScripting.Core\Dependencies\DotNetZip\Unity.VisualScripting.IonicZip.dll
Native extension for WindowsStandalone target not found
Native extension for Android target not found
Refreshing native plugins compatible for Editor in 126.82 ms, found 4 plugins.
Preloading 0 native plugins for Editor in 0.00 ms.
Mono: successfully reloaded assembly
- Completed reload, in  1.473 seconds
Domain Reload Profiling:
	ReloadAssembly (1473ms)
		BeginReloadAssembly (236ms)
			ExecutionOrderSort (0ms)
			DisableScriptedObjects (6ms)
			BackupInstance (0ms)
			ReleaseScriptingObjects (0ms)
			CreateAndSetChildDomain (138ms)
		EndReloadAssembly (1126ms)
			LoadAssemblies (107ms)
			RebuildTransferFunctionScriptingTraits (0ms)
			SetupTypeCache (284ms)
			ReleaseScriptCaches (1ms)
			RebuildScriptCaches (66ms)
			SetupLoadedEditorAssemblies (633ms)
				LogAssemblyErrors (0ms)
				InitializePlatformSupportModulesInManaged (12ms)
				SetLoadedEditorAssemblies (0ms)
				RefreshPlugins (127ms)
				BeforeProcessingInitializeOnLoad (142ms)
				ProcessInitializeOnLoadAttributes (244ms)
				ProcessInitializeOnLoadMethodAttributes (99ms)
				AfterProcessingInitializeOnLoad (8ms)
				EditorAssembliesLoaded (0ms)
			ExecutionOrderSort2 (0ms)
			AwakeInstancesAfterBackupRestoration (5ms)
Platform modules already initialized, skipping
========================================================================
Worker process is ready to serve import requests
Launched and connected shader compiler UnityShaderCompiler.exe after 0.03 seconds
Refreshing native plugins compatible for Editor in 1.10 ms, found 4 plugins.
Preloading 0 native plugins for Editor in 0.00 ms.
Unloading 5756 Unused Serialized files (Serialized files now loaded: 0)
Unloading 49 unused Assets / (0.9 MB). Loaded Objects now: 6206.
Memory consumption went from 220.6 MB to 219.7 MB.
Total: 4.052800 ms (FindLiveObjects: 0.467300 ms CreateObjectMapping: 0.354000 ms MarkObjects: 2.878900 ms  DeleteObjects: 0.351900 ms)

AssetImportParameters requested are different than current active one (requested -> active):
  custom:video-decoder-ogg-theora: a1e56fd34408186e4bbccfd4996cb3dc -> 
  custom:container-muxer-webm: aa71ff27fc2769a1b78a27578f13a17b -> 
  custom:container-demuxer-webm: 4f35f7cbe854078d1ac9338744f61a02 -> 
  custom:video-encoder-webm-vp8: eb34c28f22e8b96e1ab97ce403110664 -> 
  custom:audio-encoder-webm-vorbis: bf7c407c2cedff20999df2af8eb42d56 -> 
  custom:framework-win-MediaFoundation: 216162199b28c13a410421893ffa2e32 -> 
  custom:container-demuxer-ogg: 62fdf1f143b41e24485cea50d1cbac27 -> 
  custom:video-decoder-webm-vp8: 9c59270c3fd7afecdb556c50c9e8de78 -> 
  custom:audio-decoder-ogg-vorbis: bf7c407c2cedff20999df2af8eb42d56 -> 
========================================================================
Received Import Request.
  Time since last request: 349380.678015 seconds.
  path: Assets/NueGames/NueDeck/Data
  artifactKey: Guid(9ad4d7956a803fa4594126fee8719009) Importer(815301076,1909f56bfc062723c751e8b465ee728b)
Start importing Assets/NueGames/NueDeck/Data using Guid(9ad4d7956a803fa4594126fee8719009) Importer(815301076,1909f56bfc062723c751e8b465ee728b)  -> (artifact id: '65138575a56b6b48d2874a3abf0681f4') in 0.013936 seconds 
========================================================================
Received Import Request.
  Time since last request: 0.000020 seconds.
  path: Assets/NueGames/NueDeck
  artifactKey: Guid(0804d189a1c2e81499515d3d03d1d848) Importer(815301076,1909f56bfc062723c751e8b465ee728b)
Start importing Assets/NueGames/NueDeck using Guid(0804d189a1c2e81499515d3d03d1d848) Importer(815301076,1909f56bfc062723c751e8b465ee728b)  -> (artifact id: '7fb0d82bfde97b2b8863fb1041b7c4bd') in 0.006959 seconds 
========================================================================
Received Import Request.
  Time since last request: 9.699382 seconds.
  path: Assets/NueGames/NueDeck/Data/Characters
  artifactKey: Guid(986a64db25b307846888f8d9a4affe7a) Importer(815301076,1909f56bfc062723c751e8b465ee728b)
Start importing Assets/NueGames/NueDeck/Data/Characters using Guid(986a64db25b307846888f8d9a4affe7a) Importer(815301076,1909f56bfc062723c751e8b465ee728b)  -> (artifact id: 'dd61ed4ecf0c87bf12510b628288516f') in 0.007599 seconds 
========================================================================
Received Import Request.
  Time since last request: 8.060139 seconds.
  path: Assets/NueGames/NueDeck/Data/Characters/Allies
  artifactKey: Guid(2b790cbee68969a4bae9cbb209bf11aa) Importer(815301076,1909f56bfc062723c751e8b465ee728b)
Start importing Assets/NueGames/NueDeck/Data/Characters/Allies using Guid(2b790cbee68969a4bae9cbb209bf11aa) Importer(815301076,1909f56bfc062723c751e8b465ee728b)  -> (artifact id: '77ec34475dc36d44d0f951cee812a9df') in 0.006718 seconds 
========================================================================
Received Import Request.
  Time since last request: 7.946165 seconds.
  path: Assets/NueGames/NueDeck/Scripts/Data/Characters/AllyCharacterData.cs
  artifactKey: Guid(6d037adff9e04706b4a24a2529895710) Importer(815301076,1909f56bfc062723c751e8b465ee728b)
Start importing Assets/NueGames/NueDeck/Scripts/Data/Characters/AllyCharacterData.cs using Guid(6d037adff9e04706b4a24a2529895710) Importer(815301076,1909f56bfc062723c751e8b465ee728b)  -> (artifact id: 'd7ccd7f87c776b98b2ffed067e915c7b') in 0.024808 seconds 
========================================================================
Received Import Request.
  Time since last request: 66.442551 seconds.
  path: Assets/NueGames/NueDeck/Prefabs
  artifactKey: Guid(a51937802f532b742b742a987a5ec6a9) Importer(815301076,1909f56bfc062723c751e8b465ee728b)
Start importing Assets/NueGames/NueDeck/Prefabs using Guid(a51937802f532b742b742a987a5ec6a9) Importer(815301076,1909f56bfc062723c751e8b465ee728b)  -> (artifact id: 'ad535c18439aec5f8b995ddf771482f9') in 0.005428 seconds 
========================================================================
Received Import Request.
  Time since last request: 1.443225 seconds.
  path: Assets/NueGames/NueDeck/Prefabs/Background
  artifactKey: Guid(f07a5e147a6f30344933fea99b76ef83) Importer(815301076,1909f56bfc062723c751e8b465ee728b)
Start importing Assets/NueGames/NueDeck/Prefabs/Background using Guid(f07a5e147a6f30344933fea99b76ef83) Importer(815301076,1909f56bfc062723c751e8b465ee728b)  -> (artifact id: 'b4e67207cc02234d45fbe37ba6732cbd') in 0.005620 seconds 
========================================================================
Received Import Request.
  Time since last request: 0.719611 seconds.
  path: Assets/NueGames/NueDeck/Prefabs/Background/BackgroundContainer.prefab
  artifactKey: Guid(7dded3f0431e1f64eb84e4fa994b54a6) Importer(815301076,1909f56bfc062723c751e8b465ee728b)
Start importing Assets/NueGames/NueDeck/Prefabs/Background/BackgroundContainer.prefab using Guid(7dded3f0431e1f64eb84e4fa994b54a6) Importer(815301076,1909f56bfc062723c751e8b465ee728b)  -> (artifact id: '358f0b835dcbb5dd26429234d3939105') in 0.198381 seconds 
========================================================================
Received Import Request.
  Time since last request: 0.886899 seconds.
  path: Assets/NueGames/NueDeck/Prefabs/Background/BG_Profile_1.prefab
  artifactKey: Guid(786828ce7bcb576419f47bfde1328aac) Importer(815301076,1909f56bfc062723c751e8b465ee728b)
Start importing Assets/NueGames/NueDeck/Prefabs/Background/BG_Profile_1.prefab using Guid(786828ce7bcb576419f47bfde1328aac) Importer(815301076,1909f56bfc062723c751e8b465ee728b)  -> (artifact id: 'ab1169c699b1fab9cca97591b7432746') in 0.014667 seconds 
========================================================================
Received Import Request.
  Time since last request: 0.407938 seconds.
  path: Assets/NueGames/NueDeck/Prefabs/Background/BG_Profile_2.prefab
  artifactKey: Guid(ffba960b1ce14c14a9dc557a80148230) Importer(815301076,1909f56bfc062723c751e8b465ee728b)
Start importing Assets/NueGames/NueDeck/Prefabs/Background/BG_Profile_2.prefab using Guid(ffba960b1ce14c14a9dc557a80148230) Importer(815301076,1909f56bfc062723c751e8b465ee728b)  -> (artifact id: '2491dd9a36774210e5f8611dff2630fb') in 0.009434 seconds 
========================================================================
Received Import Request.
  Time since last request: 0.419967 seconds.
  path: Assets/NueGames/NueDeck/Prefabs/Background/BG_Profile_3.prefab
  artifactKey: Guid(53a1827e1180fc54cbdbee34cca34a11) Importer(815301076,1909f56bfc062723c751e8b465ee728b)
Start importing Assets/NueGames/NueDeck/Prefabs/Background/BG_Profile_3.prefab using Guid(53a1827e1180fc54cbdbee34cca34a11) Importer(815301076,1909f56bfc062723c751e8b465ee728b)  -> (artifact id: '383b3412afb24744a74e6c75231d33a0') in 0.008976 seconds 
========================================================================
Received Import Request.
  Time since last request: 8.313729 seconds.
  path: Assets/NueGames/NueDeck/Prefabs/UI
  artifactKey: Guid(a682f469d5ab4974080e21227a7b1254) Importer(815301076,1909f56bfc062723c751e8b465ee728b)
Start importing Assets/NueGames/NueDeck/Prefabs/UI using Guid(a682f469d5ab4974080e21227a7b1254) Importer(815301076,1909f56bfc062723c751e8b465ee728b)  -> (artifact id: '3920d2914e09459128a25699a5ce599c') in 0.006031 seconds 
========================================================================
Received Import Request.
  Time since last request: 0.982424 seconds.
  path: Assets/NueGames/NueDeck/Prefabs/UI/CombatCanvas.prefab
  artifactKey: Guid(3cb5ee0c41b0f3145bdb870938f278a7) Importer(815301076,1909f56bfc062723c751e8b465ee728b)
Start importing Assets/NueGames/NueDeck/Prefabs/UI/CombatCanvas.prefab using Guid(3cb5ee0c41b0f3145bdb870938f278a7) Importer(815301076,1909f56bfc062723c751e8b465ee728b)  -> (artifact id: '9c751c4ee51a5c78b4bd86246088b40b') in 0.022508 seconds 
========================================================================
Received Import Request.
  Time since last request: 2.940483 seconds.
  path: Assets/NueGames/NueDeck/Sprites
  artifactKey: Guid(e1fa693e01dae4a4b9fb13c3597b44b5) Importer(815301076,1909f56bfc062723c751e8b465ee728b)
Start importing Assets/NueGames/NueDeck/Sprites using Guid(e1fa693e01dae4a4b9fb13c3597b44b5) Importer(815301076,1909f56bfc062723c751e8b465ee728b)  -> (artifact id: '5cbe0ba6d76a7c384fd93adfb76b0444') in 0.006128 seconds 
========================================================================
Received Import Request.
  Time since last request: 1.757290 seconds.
  path: Assets/NueGames/NueDeck/Sprites/Cards
  artifactKey: Guid(44f04871c3ac0d7479a7dc1219233dad) Importer(815301076,1909f56bfc062723c751e8b465ee728b)
Start importing Assets/NueGames/NueDeck/Sprites/Cards using Guid(44f04871c3ac0d7479a7dc1219233dad) Importer(815301076,1909f56bfc062723c751e8b465ee728b)  -> (artifact id: 'db670cbf1b7588d213977d7ca9caca4d') in 0.002266 seconds 
========================================================================
Received Import Request.
  Time since last request: 0.662768 seconds.
  path: Assets/NueGames/NueDeck/Sprites/Cards/Card 1.png
  artifactKey: Guid(8510ca3a47f6c23479e9992c04455698) Importer(815301076,1909f56bfc062723c751e8b465ee728b)
Start importing Assets/NueGames/NueDeck/Sprites/Cards/Card 1.png using Guid(8510ca3a47f6c23479e9992c04455698) Importer(815301076,1909f56bfc062723c751e8b465ee728b)  -> (artifact id: '6f81e814bdffc18df218e961790d9347') in 0.046603 seconds 
========================================================================
Received Import Request.
  Time since last request: 1.893940 seconds.
  path: Assets/NueGames/NueDeck/Sprites/Cards/Card 2.png
  artifactKey: Guid(0a60e9c983046544091ff0f23327da5a) Importer(815301076,1909f56bfc062723c751e8b465ee728b)
Start importing Assets/NueGames/NueDeck/Sprites/Cards/Card 2.png using Guid(0a60e9c983046544091ff0f23327da5a) Importer(815301076,1909f56bfc062723c751e8b465ee728b)  -> (artifact id: 'bea48c7650ba33ee572c7a4ee2677133') in 0.017008 seconds 
========================================================================
Received Import Request.
  Time since last request: 0.421284 seconds.
  path: Assets/NueGames/NueDeck/Sprites/Cards/Card 4.png
  artifactKey: Guid(a0c75614ede963a46af4bc352b3faabd) Importer(815301076,1909f56bfc062723c751e8b465ee728b)
Start importing Assets/NueGames/NueDeck/Sprites/Cards/Card 4.png using Guid(a0c75614ede963a46af4bc352b3faabd) Importer(815301076,1909f56bfc062723c751e8b465ee728b)  -> (artifact id: '99381ab6be0ddfec06e0e81af31f9be2') in 0.014743 seconds 
========================================================================
Received Import Request.
  Time since last request: 0.460216 seconds.
  path: Assets/NueGames/NueDeck/Sprites/Cards/Card 7.png
  artifactKey: Guid(2dc94d1255b6d97418b75b7cbdc88b48) Importer(815301076,1909f56bfc062723c751e8b465ee728b)
Start importing Assets/NueGames/NueDeck/Sprites/Cards/Card 7.png using Guid(2dc94d1255b6d97418b75b7cbdc88b48) Importer(815301076,1909f56bfc062723c751e8b465ee728b)  -> (artifact id: 'e53780773949e879bffea35adb37071b') in 0.015666 seconds 
========================================================================
Received Import Request.
  Time since last request: 7.980840 seconds.
  path: Assets/NueGames/NueDeck/Sprites/CardOutline
  artifactKey: Guid(58bd74bc6359dd04fbf77501a43653c5) Importer(815301076,1909f56bfc062723c751e8b465ee728b)
Start importing Assets/NueGames/NueDeck/Sprites/CardOutline using Guid(58bd74bc6359dd04fbf77501a43653c5) Importer(815301076,1909f56bfc062723c751e8b465ee728b)  -> (artifact id: '61c187cd6f0e020a5c24240024dcaae2') in 0.006414 seconds 
========================================================================
Received Import Request.
  Time since last request: 0.934209 seconds.
  path: Assets/NueGames/NueDeck/Sprites/CardOutline/CardBackground_Test.png
  artifactKey: Guid(084e8321395590d45a7fd5b5d04b9f16) Importer(815301076,1909f56bfc062723c751e8b465ee728b)
Start importing Assets/NueGames/NueDeck/Sprites/CardOutline/CardBackground_Test.png using Guid(084e8321395590d45a7fd5b5d04b9f16) Importer(815301076,1909f56bfc062723c751e8b465ee728b)  -> (artifact id: 'f3c320af48f45354616c52141def7092') in 0.024967 seconds 
========================================================================
Received Import Request.
  Time since last request: 7.200373 seconds.
  path: Assets/NueGames/NueDeck/Sprites/Characters
  artifactKey: Guid(072068ff60760e84ab60b657d9aa968c) Importer(815301076,1909f56bfc062723c751e8b465ee728b)
Start importing Assets/NueGames/NueDeck/Sprites/Characters using Guid(072068ff60760e84ab60b657d9aa968c) Importer(815301076,1909f56bfc062723c751e8b465ee728b)  -> (artifact id: 'd6cbce4cb73e02f7568253c98a13586f') in 0.002597 seconds 
========================================================================
Received Import Request.
  Time since last request: 1.704106 seconds.
  path: Assets/NueGames/NueDeck/Sprites/Characters/Hack.png
  artifactKey: Guid(cb5234cec381d874797d87135ec9c6d0) Importer(815301076,1909f56bfc062723c751e8b465ee728b)
Start importing Assets/NueGames/NueDeck/Sprites/Characters/Hack.png using Guid(cb5234cec381d874797d87135ec9c6d0) Importer(815301076,1909f56bfc062723c751e8b465ee728b)  -> (artifact id: '9de79b66c725d8136f28693cc1589427') in 0.016642 seconds 
========================================================================
Received Import Request.
  Time since last request: 1.355050 seconds.
  path: Assets/NueGames/NueDeck/Sprites/Characters/Jack-damaged.png
  artifactKey: Guid(305bfbdddf863cf41a278c7ce1370405) Importer(815301076,1909f56bfc062723c751e8b465ee728b)
Start importing Assets/NueGames/NueDeck/Sprites/Characters/Jack-damaged.png using Guid(305bfbdddf863cf41a278c7ce1370405) Importer(815301076,1909f56bfc062723c751e8b465ee728b)  -> (artifact id: '7a57f60fdc60a21a94aa7c2a3e88152c') in 0.017199 seconds 
========================================================================
Received Import Request.
  Time since last request: 0.458816 seconds.
  path: Assets/NueGames/NueDeck/Sprites/Characters/Jack.png
  artifactKey: Guid(b7ae45ec9eeba5f4db89c1bd49e3dfc5) Importer(815301076,1909f56bfc062723c751e8b465ee728b)
Start importing Assets/NueGames/NueDeck/Sprites/Characters/Jack.png using Guid(b7ae45ec9eeba5f4db89c1bd49e3dfc5) Importer(815301076,1909f56bfc062723c751e8b465ee728b)  -> (artifact id: '66f15d8f5254c886fe7a1eefb04b5ec1') in 0.015022 seconds 
========================================================================
Received Import Request.
  Time since last request: 0.712258 seconds.
  path: Assets/NueGames/NueDeck/Sprites/Characters/TempCharacter..png
  artifactKey: Guid(6672e3651b4eee447865bfe83d76b48a) Importer(815301076,1909f56bfc062723c751e8b465ee728b)
Start importing Assets/NueGames/NueDeck/Sprites/Characters/TempCharacter..png using Guid(6672e3651b4eee447865bfe83d76b48a) Importer(815301076,1909f56bfc062723c751e8b465ee728b)  -> (artifact id: '730a4c106b551787b16507ed8a638c1c') in 0.016937 seconds 
========================================================================
Received Import Request.
  Time since last request: 0.582386 seconds.
  path: Assets/NueGames/NueDeck/Sprites/Characters/TempEnemy..png
  artifactKey: Guid(43e012b1bdc7ab84ba1205338fcdb6de) Importer(815301076,1909f56bfc062723c751e8b465ee728b)
Start importing Assets/NueGames/NueDeck/Sprites/Characters/TempEnemy..png using Guid(43e012b1bdc7ab84ba1205338fcdb6de) Importer(815301076,1909f56bfc062723c751e8b465ee728b)  -> (artifact id: 'db09b51337c7ba3ccbe8a94ad1615dd4') in 0.017513 seconds 
========================================================================
Received Import Request.
  Time since last request: 16.942658 seconds.
  path: Assets/NueGames/NueDeck/Sprites/Buttons
  artifactKey: Guid(faad6a133257d3c43bfb2d77ed791276) Importer(815301076,1909f56bfc062723c751e8b465ee728b)
Start importing Assets/NueGames/NueDeck/Sprites/Buttons using Guid(faad6a133257d3c43bfb2d77ed791276) Importer(815301076,1909f56bfc062723c751e8b465ee728b)  -> (artifact id: 'e2714bab95f5f76f4b65cb23e2edb4d3') in 0.005994 seconds 
========================================================================
Received Import Request.
  Time since last request: 0.766398 seconds.
  path: Assets/NueGames/NueDeck/Sprites/Buttons/Buttons-Sheet.png
  artifactKey: Guid(a707003c96586cc41b22ae32a9cdb636) Importer(815301076,1909f56bfc062723c751e8b465ee728b)
Start importing Assets/NueGames/NueDeck/Sprites/Buttons/Buttons-Sheet.png using Guid(a707003c96586cc41b22ae32a9cdb636) Importer(815301076,1909f56bfc062723c751e8b465ee728b)  -> (artifact id: '4bad6d5db3e2aafce5785358d26b7a44') in 0.080891 seconds 
========================================================================
Received Import Request.
  Time since last request: 8.553551 seconds.
  path: Assets/NueGames/NueDeck/Sprites/Backgrounds
  artifactKey: Guid(de86cbe87f6a05447b2521c455b82f01) Importer(815301076,1909f56bfc062723c751e8b465ee728b)
Start importing Assets/NueGames/NueDeck/Sprites/Backgrounds using Guid(de86cbe87f6a05447b2521c455b82f01) Importer(815301076,1909f56bfc062723c751e8b465ee728b)  -> (artifact id: '8e4d73423f8da5a2a5cb22391f24c8e7') in 0.006987 seconds 
========================================================================
Received Import Request.
  Time since last request: 39.427880 seconds.
  path: Assets/NueGames
  artifactKey: Guid(e7452baf2dcf4044295a6005f88ce0fc) Importer(815301076,1909f56bfc062723c751e8b465ee728b)
Start importing Assets/NueGames using Guid(e7452baf2dcf4044295a6005f88ce0fc) Importer(815301076,1909f56bfc062723c751e8b465ee728b)  -> (artifact id: '82d806f3a1e0b5221798bc1113b0cb92') in 0.006507 seconds 
========================================================================
Received Prepare
Registering precompiled user dll's ...
Registered in 0.006008 seconds.
Begin MonoManager ReloadAssembly
Symbol file LoadedFromMemory doesn't match image C:\Git\Project_S\ProjectSword\Library\PackageCache\com.unity.visualscripting@1.7.8\Editor\VisualScripting.Core\Dependencies\YamlDotNet\Unity.VisualScripting.YamlDotNet.dll
Symbol file LoadedFromMemory doesn't match image C:\Git\Project_S\ProjectSword\Library\PackageCache\com.unity.visualscripting@1.7.8\Editor\VisualScripting.Core\Dependencies\DotNetZip\Unity.VisualScripting.IonicZip.dll
Native extension for WindowsStandalone target not found
Native extension for Android target not found
Refreshing native plugins compatible for Editor in 1.45 ms, found 4 plugins.
Preloading 0 native plugins for Editor in 0.00 ms.
Mono: successfully reloaded assembly
- Completed reload, in  1.205 seconds
Domain Reload Profiling:
	ReloadAssembly (1205ms)
		BeginReloadAssembly (156ms)
			ExecutionOrderSort (0ms)
			DisableScriptedObjects (8ms)
			BackupInstance (0ms)
			ReleaseScriptingObjects (0ms)
			CreateAndSetChildDomain (46ms)
		EndReloadAssembly (939ms)
			LoadAssemblies (103ms)
			RebuildTransferFunctionScriptingTraits (0ms)
			SetupTypeCache (264ms)
			ReleaseScriptCaches (2ms)
			RebuildScriptCaches (49ms)
			SetupLoadedEditorAssemblies (441ms)
				LogAssemblyErrors (0ms)
				InitializePlatformSupportModulesInManaged (23ms)
				SetLoadedEditorAssemblies (1ms)
				RefreshPlugins (2ms)
				BeforeProcessingInitializeOnLoad (97ms)
				ProcessInitializeOnLoadAttributes (225ms)
				ProcessInitializeOnLoadMethodAttributes (86ms)
				AfterProcessingInitializeOnLoad (8ms)
				EditorAssembliesLoaded (0ms)
			ExecutionOrderSort2 (0ms)
			AwakeInstancesAfterBackupRestoration (12ms)
Platform modules already initialized, skipping
Refreshing native plugins compatible for Editor in 4.10 ms, found 4 plugins.
Preloading 0 native plugins for Editor in 0.00 ms.
Unloading 5519 Unused Serialized files (Serialized files now loaded: 0)
Unloading 151 unused Assets / (0.8 MB). Loaded Objects now: 6189.
Memory consumption went from 216.8 MB to 216.0 MB.
Total: 3.853500 ms (FindLiveObjects: 0.417300 ms CreateObjectMapping: 0.341600 ms MarkObjects: 2.663300 ms  DeleteObjects: 0.430300 ms)

AssetImportParameters requested are different than current active one (requested -> active):
  custom:video-decoder-ogg-theora: a1e56fd34408186e4bbccfd4996cb3dc -> 
  custom:container-muxer-webm: aa71ff27fc2769a1b78a27578f13a17b -> 
  custom:container-demuxer-webm: 4f35f7cbe854078d1ac9338744f61a02 -> 
  custom:video-encoder-webm-vp8: eb34c28f22e8b96e1ab97ce403110664 -> 
  custom:audio-encoder-webm-vorbis: bf7c407c2cedff20999df2af8eb42d56 -> 
  custom:framework-win-MediaFoundation: 216162199b28c13a410421893ffa2e32 -> 
  custom:container-demuxer-ogg: 62fdf1f143b41e24485cea50d1cbac27 -> 
  custom:video-decoder-webm-vp8: 9c59270c3fd7afecdb556c50c9e8de78 -> 
  custom:audio-decoder-ogg-vorbis: bf7c407c2cedff20999df2af8eb42d56 -> 
========================================================================
Received Prepare
Registering precompiled user dll's ...
Registered in 0.007250 seconds.
Begin MonoManager ReloadAssembly
Symbol file LoadedFromMemory doesn't match image C:\Git\Project_S\ProjectSword\Library\PackageCache\com.unity.visualscripting@1.7.8\Editor\VisualScripting.Core\Dependencies\YamlDotNet\Unity.VisualScripting.YamlDotNet.dll
Symbol file LoadedFromMemory doesn't match image C:\Git\Project_S\ProjectSword\Library\PackageCache\com.unity.visualscripting@1.7.8\Editor\VisualScripting.Core\Dependencies\DotNetZip\Unity.VisualScripting.IonicZip.dll
Native extension for WindowsStandalone target not found
Native extension for Android target not found
Refreshing native plugins compatible for Editor in 1.21 ms, found 4 plugins.
Preloading 0 native plugins for Editor in 0.00 ms.
Mono: successfully reloaded assembly
- Completed reload, in  1.261 seconds
Domain Reload Profiling:
	ReloadAssembly (1262ms)
		BeginReloadAssembly (140ms)
			ExecutionOrderSort (0ms)
			DisableScriptedObjects (7ms)
			BackupInstance (0ms)
			ReleaseScriptingObjects (0ms)
			CreateAndSetChildDomain (44ms)
		EndReloadAssembly (1022ms)
			LoadAssemblies (88ms)
			RebuildTransferFunctionScriptingTraits (0ms)
			SetupTypeCache (316ms)
			ReleaseScriptCaches (2ms)
			RebuildScriptCaches (55ms)
			SetupLoadedEditorAssemblies (476ms)
				LogAssemblyErrors (0ms)
				InitializePlatformSupportModulesInManaged (23ms)
				SetLoadedEditorAssemblies (0ms)
				RefreshPlugins (1ms)
				BeforeProcessingInitializeOnLoad (105ms)
				ProcessInitializeOnLoadAttributes (240ms)
				ProcessInitializeOnLoadMethodAttributes (100ms)
				AfterProcessingInitializeOnLoad (7ms)
				EditorAssembliesLoaded (0ms)
			ExecutionOrderSort2 (0ms)
			AwakeInstancesAfterBackupRestoration (13ms)
Platform modules already initialized, skipping
Refreshing native plugins compatible for Editor in 2.50 ms, found 4 plugins.
Preloading 0 native plugins for Editor in 0.00 ms.
Unloading 5520 Unused Serialized files (Serialized files now loaded: 0)
Unloading 36 unused Assets / (0.8 MB). Loaded Objects now: 6192.
Memory consumption went from 216.6 MB to 215.8 MB.
Total: 4.381300 ms (FindLiveObjects: 0.507200 ms CreateObjectMapping: 0.439200 ms MarkObjects: 2.924600 ms  DeleteObjects: 0.509200 ms)

AssetImportParameters requested are different than current active one (requested -> active):
  custom:video-decoder-ogg-theora: a1e56fd34408186e4bbccfd4996cb3dc -> 
  custom:container-muxer-webm: aa71ff27fc2769a1b78a27578f13a17b -> 
  custom:container-demuxer-webm: 4f35f7cbe854078d1ac9338744f61a02 -> 
  custom:video-encoder-webm-vp8: eb34c28f22e8b96e1ab97ce403110664 -> 
  custom:audio-encoder-webm-vorbis: bf7c407c2cedff20999df2af8eb42d56 -> 
  custom:framework-win-MediaFoundation: 216162199b28c13a410421893ffa2e32 -> 
  custom:container-demuxer-ogg: 62fdf1f143b41e24485cea50d1cbac27 -> 
  custom:video-decoder-webm-vp8: 9c59270c3fd7afecdb556c50c9e8de78 -> 
  custom:audio-decoder-ogg-vorbis: bf7c407c2cedff20999df2af8eb42d56 -> 
========================================================================
Received Prepare
Registering precompiled user dll's ...
Registered in 0.006288 seconds.
Begin MonoManager ReloadAssembly
Symbol file LoadedFromMemory doesn't match image C:\Git\Project_S\ProjectSword\Library\PackageCache\com.unity.visualscripting@1.7.8\Editor\VisualScripting.Core\Dependencies\YamlDotNet\Unity.VisualScripting.YamlDotNet.dll
Symbol file LoadedFromMemory doesn't match image C:\Git\Project_S\ProjectSword\Library\PackageCache\com.unity.visualscripting@1.7.8\Editor\VisualScripting.Core\Dependencies\DotNetZip\Unity.VisualScripting.IonicZip.dll
Native extension for WindowsStandalone target not found
Native extension for Android target not found
Refreshing native plugins compatible for Editor in 1.17 ms, found 4 plugins.
Preloading 0 native plugins for Editor in 0.00 ms.
Mono: successfully reloaded assembly
- Completed reload, in  1.263 seconds
Domain Reload Profiling:
	ReloadAssembly (1264ms)
		BeginReloadAssembly (137ms)
			ExecutionOrderSort (0ms)
			DisableScriptedObjects (7ms)
			BackupInstance (0ms)
			ReleaseScriptingObjects (0ms)
			CreateAndSetChildDomain (46ms)
		EndReloadAssembly (1031ms)
			LoadAssemblies (89ms)
			RebuildTransferFunctionScriptingTraits (0ms)
			SetupTypeCache (312ms)
			ReleaseScriptCaches (2ms)
			RebuildScriptCaches (59ms)
			SetupLoadedEditorAssemblies (478ms)
				LogAssemblyErrors (0ms)
				InitializePlatformSupportModulesInManaged (21ms)
				SetLoadedEditorAssemblies (1ms)
				RefreshPlugins (1ms)
				BeforeProcessingInitializeOnLoad (104ms)
				ProcessInitializeOnLoadAttributes (243ms)
				ProcessInitializeOnLoadMethodAttributes (100ms)
				AfterProcessingInitializeOnLoad (7ms)
				EditorAssembliesLoaded (0ms)
			ExecutionOrderSort2 (0ms)
			AwakeInstancesAfterBackupRestoration (13ms)
Platform modules already initialized, skipping
Refreshing native plugins compatible for Editor in 2.90 ms, found 4 plugins.
Preloading 0 native plugins for Editor in 0.00 ms.
Unloading 5520 Unused Serialized files (Serialized files now loaded: 0)
Unloading 36 unused Assets / (0.8 MB). Loaded Objects now: 6195.
Memory consumption went from 216.6 MB to 215.8 MB.
Total: 4.727600 ms (FindLiveObjects: 0.476400 ms CreateObjectMapping: 0.584000 ms MarkObjects: 3.189000 ms  DeleteObjects: 0.477400 ms)

AssetImportParameters requested are different than current active one (requested -> active):
  custom:video-decoder-ogg-theora: a1e56fd34408186e4bbccfd4996cb3dc -> 
  custom:container-muxer-webm: aa71ff27fc2769a1b78a27578f13a17b -> 
  custom:container-demuxer-webm: 4f35f7cbe854078d1ac9338744f61a02 -> 
  custom:video-encoder-webm-vp8: eb34c28f22e8b96e1ab97ce403110664 -> 
  custom:audio-encoder-webm-vorbis: bf7c407c2cedff20999df2af8eb42d56 -> 
  custom:framework-win-MediaFoundation: 216162199b28c13a410421893ffa2e32 -> 
  custom:container-demuxer-ogg: 62fdf1f143b41e24485cea50d1cbac27 -> 
  custom:video-decoder-webm-vp8: 9c59270c3fd7afecdb556c50c9e8de78 -> 
  custom:audio-decoder-ogg-vorbis: bf7c407c2cedff20999df2af8eb42d56 -> 
========================================================================
Received Prepare
Registering precompiled user dll's ...
Registered in 0.006884 seconds.
Begin MonoManager ReloadAssembly
Symbol file LoadedFromMemory doesn't match image C:\Git\Project_S\ProjectSword\Library\PackageCache\com.unity.visualscripting@1.7.8\Editor\VisualScripting.Core\Dependencies\YamlDotNet\Unity.VisualScripting.YamlDotNet.dll
Symbol file LoadedFromMemory doesn't match image C:\Git\Project_S\ProjectSword\Library\PackageCache\com.unity.visualscripting@1.7.8\Editor\VisualScripting.Core\Dependencies\DotNetZip\Unity.VisualScripting.IonicZip.dll
Native extension for WindowsStandalone target not found
Native extension for Android target not found
Refreshing native plugins compatible for Editor in 1.08 ms, found 4 plugins.
Preloading 0 native plugins for Editor in 0.00 ms.
Mono: successfully reloaded assembly
- Completed reload, in  1.240 seconds
Domain Reload Profiling:
	ReloadAssembly (1241ms)
		BeginReloadAssembly (146ms)
			ExecutionOrderSort (0ms)
			DisableScriptedObjects (11ms)
			BackupInstance (0ms)
			ReleaseScriptingObjects (0ms)
			CreateAndSetChildDomain (41ms)
		EndReloadAssembly (989ms)
			LoadAssemblies (95ms)
			RebuildTransferFunctionScriptingTraits (0ms)
			SetupTypeCache (290ms)
			ReleaseScriptCaches (2ms)
			RebuildScriptCaches (55ms)
			SetupLoadedEditorAssemblies (471ms)
				LogAssemblyErrors (0ms)
				InitializePlatformSupportModulesInManaged (22ms)
				SetLoadedEditorAssemblies (0ms)
				RefreshPlugins (1ms)
				BeforeProcessingInitializeOnLoad (104ms)
				ProcessInitializeOnLoadAttributes (238ms)
				ProcessInitializeOnLoadMethodAttributes (98ms)
				AfterProcessingInitializeOnLoad (7ms)
				EditorAssembliesLoaded (0ms)
			ExecutionOrderSort2 (0ms)
			AwakeInstancesAfterBackupRestoration (13ms)
Platform modules already initialized, skipping
Refreshing native plugins compatible for Editor in 2.49 ms, found 4 plugins.
Preloading 0 native plugins for Editor in 0.00 ms.
Unloading 5520 Unused Serialized files (Serialized files now loaded: 0)
Unloading 36 unused Assets / (0.8 MB). Loaded Objects now: 6198.
Memory consumption went from 216.8 MB to 216.0 MB.
Total: 4.330400 ms (FindLiveObjects: 0.445000 ms CreateObjectMapping: 0.584400 ms MarkObjects: 2.956700 ms  DeleteObjects: 0.343500 ms)

AssetImportParameters requested are different than current active one (requested -> active):
  custom:video-decoder-ogg-theora: a1e56fd34408186e4bbccfd4996cb3dc -> 
  custom:container-muxer-webm: aa71ff27fc2769a1b78a27578f13a17b -> 
  custom:container-demuxer-webm: 4f35f7cbe854078d1ac9338744f61a02 -> 
  custom:video-encoder-webm-vp8: eb34c28f22e8b96e1ab97ce403110664 -> 
  custom:audio-encoder-webm-vorbis: bf7c407c2cedff20999df2af8eb42d56 -> 
  custom:framework-win-MediaFoundation: 216162199b28c13a410421893ffa2e32 -> 
  custom:container-demuxer-ogg: 62fdf1f143b41e24485cea50d1cbac27 -> 
  custom:video-decoder-webm-vp8: 9c59270c3fd7afecdb556c50c9e8de78 -> 
  custom:audio-decoder-ogg-vorbis: bf7c407c2cedff20999df2af8eb42d56 -> 
